<?xml version="1.0" encoding="UTF-8"?>
<!-- Generated by org.testng.reporters.JUnitReportReporter -->
<testsuite hostname="DESKTOP-SS5TGEM" failures="0" tests="3" name="com.bridgelabz.test.SelectClassDemo" time="21.495" errors="0" timestamp="2023-02-25T17:04:19 IST" skipped="0">
  <testcase classname="com.bridgelabz.test.SelectClassDemo" name="redirectOnToFbScreen_IdDisplayedImg" time="5.509"/>
  <system-out/>
  <testcase classname="com.bridgelabz.test.SelectClassDemo" name="createScreen" time="11.120"/>
  <system-out/>
  <testcase classname="com.bridgelabz.test.SelectClassDemo" name="navigateOnFacebookLoginScreen_Sccess" time="4.866"/>
  <system-out/>
</testsuite> <!-- com.bridgelabz.test.SelectClassDemo -->
